mode: set
github.com/darkphotonKN/age-of-carnath/internal/server/handler.go:20.61,24.16 2 0
github.com/darkphotonKN/age-of-carnath/internal/server/handler.go:24.16,28.3 3 0
github.com/darkphotonKN/age-of-carnath/internal/server/handler.go:31.2,31.33 1 0
github.com/darkphotonKN/age-of-carnath/internal/server/handler.go:37.72,38.15 1 0
github.com/darkphotonKN/age-of-carnath/internal/server/handler.go:38.15,41.3 2 0
github.com/darkphotonKN/age-of-carnath/internal/server/handler.go:43.2,44.6 2 0
github.com/darkphotonKN/age-of-carnath/internal/server/handler.go:44.6,46.17 2 0
github.com/darkphotonKN/age-of-carnath/internal/server/handler.go:46.17,47.9 1 0
github.com/darkphotonKN/age-of-carnath/internal/server/handler.go:51.3,55.17 3 0
github.com/darkphotonKN/age-of-carnath/internal/server/handler.go:55.17,58.4 2 0
github.com/darkphotonKN/age-of-carnath/internal/server/handler.go:60.3,65.32 3 0
github.com/darkphotonKN/age-of-carnath/internal/server/handler.go:72.76,77.2 3 0
github.com/darkphotonKN/age-of-carnath/internal/server/handler.go:82.64,84.40 1 1
github.com/darkphotonKN/age-of-carnath/internal/server/handler.go:84.40,93.17 4 1
github.com/darkphotonKN/age-of-carnath/internal/server/handler.go:93.17,97.4 2 1
github.com/darkphotonKN/age-of-carnath/internal/server/handler.go:102.2,107.21 4 1
github.com/darkphotonKN/age-of-carnath/internal/server/handler.go:117.85,121.29 2 1
github.com/darkphotonKN/age-of-carnath/internal/server/handler.go:121.29,124.30 2 1
github.com/darkphotonKN/age-of-carnath/internal/server/handler.go:124.30,129.4 1 1
github.com/darkphotonKN/age-of-carnath/internal/server/handler.go:131.3,131.30 1 1
github.com/darkphotonKN/age-of-carnath/internal/server/handler.go:131.30,136.4 1 1
github.com/darkphotonKN/age-of-carnath/internal/server/handler.go:138.3,138.70 1 1
github.com/darkphotonKN/age-of-carnath/internal/server/handler.go:142.2,144.23 2 1
github.com/darkphotonKN/age-of-carnath/internal/server/messagehub.go:10.42,13.6 2 0
github.com/darkphotonKN/age-of-carnath/internal/server/messagehub.go:13.6,16.10 3 0
github.com/darkphotonKN/age-of-carnath/internal/server/messagehub.go:17.40,22.30 3 0
github.com/darkphotonKN/age-of-carnath/internal/server/messagehub.go:23.22,27.12 2 0
github.com/darkphotonKN/age-of-carnath/internal/server/messagehub.go:27.12,29.14 2 0
github.com/darkphotonKN/age-of-carnath/internal/server/messagehub.go:31.5,34.24 2 0
github.com/darkphotonKN/age-of-carnath/internal/server/server.go:46.65,48.43 1 1
github.com/darkphotonKN/age-of-carnath/internal/server/server.go:48.43,51.4 1 0
github.com/darkphotonKN/age-of-carnath/internal/server/server.go:54.2,61.3 1 1
